2017-07-14 13:11:52 INFO  PostConstructApplicationEventListener:41 - Running on PrimeFaces 6.1
2017-07-14 13:12:19 ERROR context:222 - javax.el.PropertyNotFoundException: /helloworld.xhtml @18,64 value="#{helloWorld.firstName}": Target Unreachable, identifier 'helloWorld' resolved to null
	at com.sun.faces.facelets.el.TagValueExpression.getType(TagValueExpression.java:100)
	at org.primefaces.util.ComponentUtils.getConverter(ComponentUtils.java:146)
	at org.primefaces.renderkit.InputRenderer.getConvertedValue(InputRenderer.java:176)
	at javax.faces.component.UIInput.getConvertedValue(UIInput.java:1045)
	at javax.faces.component.UIInput.validate(UIInput.java:975)
	at javax.faces.component.UIInput.executeValidate(UIInput.java:1248)
	at javax.faces.component.UIInput.processValidators(UIInput.java:712)
	at javax.faces.component.UIComponentBase.processValidators(UIComponentBase.java:1261)
	at javax.faces.component.UIComponentBase.processValidators(UIComponentBase.java:1261)
	at org.primefaces.component.panel.Panel.processValidators(Panel.java:300)
	at javax.faces.component.UIForm.processValidators(UIForm.java:253)
	at javax.faces.component.UIComponentBase.processValidators(UIComponentBase.java:1261)
	at javax.faces.component.UIComponentBase.processValidators(UIComponentBase.java:1261)
	at javax.faces.component.UIViewRoot.processValidators(UIViewRoot.java:1195)
	at com.sun.faces.lifecycle.ProcessValidationsPhase.execute(ProcessValidationsPhase.java:76)
	at com.sun.faces.lifecycle.Phase.doPhase(Phase.java:101)
	at com.sun.faces.lifecycle.LifecycleImpl.execute(LifecycleImpl.java:198)
	at javax.faces.webapp.FacesServlet.service(FacesServlet.java:658)
	at io.undertow.servlet.handlers.ServletHandler.handleRequest(ServletHandler.java:85)
	at io.undertow.servlet.handlers.security.ServletSecurityRoleHandler.handleRequest(ServletSecurityRoleHandler.java:62)
	at io.undertow.servlet.handlers.ServletDispatchingHandler.handleRequest(ServletDispatchingHandler.java:36)
	at org.wildfly.extension.undertow.security.SecurityContextAssociationHandler.handleRequest(SecurityContextAssociationHandler.java:78)
	at io.undertow.server.handlers.PredicateHandler.handleRequest(PredicateHandler.java:43)
	at io.undertow.servlet.handlers.security.SSLInformationAssociationHandler.handleRequest(SSLInformationAssociationHandler.java:131)
	at io.undertow.servlet.handlers.security.ServletAuthenticationCallHandler.handleRequest(ServletAuthenticationCallHandler.java:57)
	at io.undertow.server.handlers.PredicateHandler.handleRequest(PredicateHandler.java:43)
	at io.undertow.security.handlers.AbstractConfidentialityHandler.handleRequest(AbstractConfidentialityHandler.java:46)
	at io.undertow.servlet.handlers.security.ServletConfidentialityConstraintHandler.handleRequest(ServletConfidentialityConstraintHandler.java:64)
	at io.undertow.security.handlers.AuthenticationMechanismsHandler.handleRequest(AuthenticationMechanismsHandler.java:60)
	at io.undertow.servlet.handlers.security.CachedAuthenticatedSessionHandler.handleRequest(CachedAuthenticatedSessionHandler.java:77)
	at io.undertow.security.handlers.NotificationReceiverHandler.handleRequest(NotificationReceiverHandler.java:50)
	at io.undertow.security.handlers.AbstractSecurityContextAssociationHandler.handleRequest(AbstractSecurityContextAssociationHandler.java:43)
	at io.undertow.server.handlers.PredicateHandler.handleRequest(PredicateHandler.java:43)
	at org.wildfly.extension.undertow.security.jacc.JACCContextIdHandler.handleRequest(JACCContextIdHandler.java:61)
	at io.undertow.server.handlers.PredicateHandler.handleRequest(PredicateHandler.java:43)
	at io.undertow.server.handlers.PredicateHandler.handleRequest(PredicateHandler.java:43)
	at io.undertow.servlet.handlers.ServletInitialHandler.handleFirstRequest(ServletInitialHandler.java:292)
	at io.undertow.servlet.handlers.ServletInitialHandler.access$100(ServletInitialHandler.java:81)
	at io.undertow.servlet.handlers.ServletInitialHandler$2.call(ServletInitialHandler.java:138)
	at io.undertow.servlet.handlers.ServletInitialHandler$2.call(ServletInitialHandler.java:135)
	at io.undertow.servlet.core.ServletRequestContextThreadSetupAction$1.call(ServletRequestContextThreadSetupAction.java:48)
	at io.undertow.servlet.core.ContextClassLoaderSetupAction$1.call(ContextClassLoaderSetupAction.java:43)
	at io.undertow.servlet.api.LegacyThreadSetupActionWrapper$1.call(LegacyThreadSetupActionWrapper.java:44)
	at io.undertow.servlet.api.LegacyThreadSetupActionWrapper$1.call(LegacyThreadSetupActionWrapper.java:44)
	at io.undertow.servlet.api.LegacyThreadSetupActionWrapper$1.call(LegacyThreadSetupActionWrapper.java:44)
	at io.undertow.servlet.api.LegacyThreadSetupActionWrapper$1.call(LegacyThreadSetupActionWrapper.java:44)
	at io.undertow.servlet.api.LegacyThreadSetupActionWrapper$1.call(LegacyThreadSetupActionWrapper.java:44)
	at io.undertow.servlet.handlers.ServletInitialHandler.dispatchRequest(ServletInitialHandler.java:272)
	at io.undertow.servlet.handlers.ServletInitialHandler.access$000(ServletInitialHandler.java:81)
	at io.undertow.servlet.handlers.ServletInitialHandler$1.handleRequest(ServletInitialHandler.java:104)
	at io.undertow.server.Connectors.executeRootHandler(Connectors.java:202)
	at io.undertow.server.HttpServerExchange$1.run(HttpServerExchange.java:805)
	at java.util.concurrent.ThreadPoolExecutor.runWorker(ThreadPoolExecutor.java:1142)
	at java.util.concurrent.ThreadPoolExecutor$Worker.run(ThreadPoolExecutor.java:617)
	at java.lang.Thread.run(Thread.java:745)
Caused by: javax.el.PropertyNotFoundException: Target Unreachable, identifier 'helloWorld' resolved to null
	at com.sun.el.parser.AstValue.getTarget(AstValue.java:173)
	at com.sun.el.parser.AstValue.getType(AstValue.java:85)
	at com.sun.el.ValueExpressionImpl.getType(ValueExpressionImpl.java:201)
	at org.jboss.weld.el.WeldValueExpression.getType(WeldValueExpression.java:93)
	at org.jboss.weld.el.WeldValueExpression.getType(WeldValueExpression.java:93)
	at com.sun.faces.facelets.el.TagValueExpression.getType(TagValueExpression.java:98)
	... 54 more

2017-07-14 13:12:27 ERROR context:222 - javax.el.PropertyNotFoundException: /helloworld.xhtml @18,64 value="#{helloWorld.firstName}": Target Unreachable, identifier 'helloWorld' resolved to null
	at com.sun.faces.facelets.el.TagValueExpression.getType(TagValueExpression.java:100)
	at org.primefaces.util.ComponentUtils.getConverter(ComponentUtils.java:146)
	at org.primefaces.renderkit.InputRenderer.getConvertedValue(InputRenderer.java:176)
	at javax.faces.component.UIInput.getConvertedValue(UIInput.java:1045)
	at javax.faces.component.UIInput.validate(UIInput.java:975)
	at javax.faces.component.UIInput.executeValidate(UIInput.java:1248)
	at javax.faces.component.UIInput.processValidators(UIInput.java:712)
	at javax.faces.component.UIComponentBase.processValidators(UIComponentBase.java:1261)
	at javax.faces.component.UIComponentBase.processValidators(UIComponentBase.java:1261)
	at org.primefaces.component.panel.Panel.processValidators(Panel.java:300)
	at javax.faces.component.UIForm.processValidators(UIForm.java:253)
	at javax.faces.component.UIComponentBase.processValidators(UIComponentBase.java:1261)
	at javax.faces.component.UIComponentBase.processValidators(UIComponentBase.java:1261)
	at javax.faces.component.UIViewRoot.processValidators(UIViewRoot.java:1195)
	at com.sun.faces.lifecycle.ProcessValidationsPhase.execute(ProcessValidationsPhase.java:76)
	at com.sun.faces.lifecycle.Phase.doPhase(Phase.java:101)
	at com.sun.faces.lifecycle.LifecycleImpl.execute(LifecycleImpl.java:198)
	at javax.faces.webapp.FacesServlet.service(FacesServlet.java:658)
	at io.undertow.servlet.handlers.ServletHandler.handleRequest(ServletHandler.java:85)
	at io.undertow.servlet.handlers.security.ServletSecurityRoleHandler.handleRequest(ServletSecurityRoleHandler.java:62)
	at io.undertow.servlet.handlers.ServletDispatchingHandler.handleRequest(ServletDispatchingHandler.java:36)
	at org.wildfly.extension.undertow.security.SecurityContextAssociationHandler.handleRequest(SecurityContextAssociationHandler.java:78)
	at io.undertow.server.handlers.PredicateHandler.handleRequest(PredicateHandler.java:43)
	at io.undertow.servlet.handlers.security.SSLInformationAssociationHandler.handleRequest(SSLInformationAssociationHandler.java:131)
	at io.undertow.servlet.handlers.security.ServletAuthenticationCallHandler.handleRequest(ServletAuthenticationCallHandler.java:57)
	at io.undertow.server.handlers.PredicateHandler.handleRequest(PredicateHandler.java:43)
	at io.undertow.security.handlers.AbstractConfidentialityHandler.handleRequest(AbstractConfidentialityHandler.java:46)
	at io.undertow.servlet.handlers.security.ServletConfidentialityConstraintHandler.handleRequest(ServletConfidentialityConstraintHandler.java:64)
	at io.undertow.security.handlers.AuthenticationMechanismsHandler.handleRequest(AuthenticationMechanismsHandler.java:60)
	at io.undertow.servlet.handlers.security.CachedAuthenticatedSessionHandler.handleRequest(CachedAuthenticatedSessionHandler.java:77)
	at io.undertow.security.handlers.NotificationReceiverHandler.handleRequest(NotificationReceiverHandler.java:50)
	at io.undertow.security.handlers.AbstractSecurityContextAssociationHandler.handleRequest(AbstractSecurityContextAssociationHandler.java:43)
	at io.undertow.server.handlers.PredicateHandler.handleRequest(PredicateHandler.java:43)
	at org.wildfly.extension.undertow.security.jacc.JACCContextIdHandler.handleRequest(JACCContextIdHandler.java:61)
	at io.undertow.server.handlers.PredicateHandler.handleRequest(PredicateHandler.java:43)
	at io.undertow.server.handlers.PredicateHandler.handleRequest(PredicateHandler.java:43)
	at io.undertow.servlet.handlers.ServletInitialHandler.handleFirstRequest(ServletInitialHandler.java:292)
	at io.undertow.servlet.handlers.ServletInitialHandler.access$100(ServletInitialHandler.java:81)
	at io.undertow.servlet.handlers.ServletInitialHandler$2.call(ServletInitialHandler.java:138)
	at io.undertow.servlet.handlers.ServletInitialHandler$2.call(ServletInitialHandler.java:135)
	at io.undertow.servlet.core.ServletRequestContextThreadSetupAction$1.call(ServletRequestContextThreadSetupAction.java:48)
	at io.undertow.servlet.core.ContextClassLoaderSetupAction$1.call(ContextClassLoaderSetupAction.java:43)
	at io.undertow.servlet.api.LegacyThreadSetupActionWrapper$1.call(LegacyThreadSetupActionWrapper.java:44)
	at io.undertow.servlet.api.LegacyThreadSetupActionWrapper$1.call(LegacyThreadSetupActionWrapper.java:44)
	at io.undertow.servlet.api.LegacyThreadSetupActionWrapper$1.call(LegacyThreadSetupActionWrapper.java:44)
	at io.undertow.servlet.api.LegacyThreadSetupActionWrapper$1.call(LegacyThreadSetupActionWrapper.java:44)
	at io.undertow.servlet.api.LegacyThreadSetupActionWrapper$1.call(LegacyThreadSetupActionWrapper.java:44)
	at io.undertow.servlet.handlers.ServletInitialHandler.dispatchRequest(ServletInitialHandler.java:272)
	at io.undertow.servlet.handlers.ServletInitialHandler.access$000(ServletInitialHandler.java:81)
	at io.undertow.servlet.handlers.ServletInitialHandler$1.handleRequest(ServletInitialHandler.java:104)
	at io.undertow.server.Connectors.executeRootHandler(Connectors.java:202)
	at io.undertow.server.HttpServerExchange$1.run(HttpServerExchange.java:805)
	at java.util.concurrent.ThreadPoolExecutor.runWorker(ThreadPoolExecutor.java:1142)
	at java.util.concurrent.ThreadPoolExecutor$Worker.run(ThreadPoolExecutor.java:617)
	at java.lang.Thread.run(Thread.java:745)
Caused by: javax.el.PropertyNotFoundException: Target Unreachable, identifier 'helloWorld' resolved to null
	at com.sun.el.parser.AstValue.getTarget(AstValue.java:173)
	at com.sun.el.parser.AstValue.getType(AstValue.java:85)
	at com.sun.el.ValueExpressionImpl.getType(ValueExpressionImpl.java:201)
	at org.jboss.weld.el.WeldValueExpression.getType(WeldValueExpression.java:93)
	at org.jboss.weld.el.WeldValueExpression.getType(WeldValueExpression.java:93)
	at com.sun.faces.facelets.el.TagValueExpression.getType(TagValueExpression.java:98)
	... 54 more

2017-07-14 13:25:09 INFO  PostConstructApplicationEventListener:41 - Running on PrimeFaces 6.1
2017-07-14 13:27:01 INFO  PostConstructApplicationEventListener:41 - Running on PrimeFaces 6.1
2017-07-14 13:27:04 INFO  PostConstructApplicationEventListener:41 - Running on PrimeFaces 6.1
2017-07-14 13:27:55 ERROR context:222 - javax.el.PropertyNotFoundException: /helloworld.xhtml @18,64 value="#{helloWorld.firstName}": Target Unreachable, identifier 'helloWorld' resolved to null
	at com.sun.faces.facelets.el.TagValueExpression.getType(TagValueExpression.java:100)
	at org.primefaces.util.ComponentUtils.getConverter(ComponentUtils.java:146)
	at org.primefaces.renderkit.InputRenderer.getConvertedValue(InputRenderer.java:176)
	at javax.faces.component.UIInput.getConvertedValue(UIInput.java:1045)
	at javax.faces.component.UIInput.validate(UIInput.java:975)
	at javax.faces.component.UIInput.executeValidate(UIInput.java:1248)
	at javax.faces.component.UIInput.processValidators(UIInput.java:712)
	at javax.faces.component.UIComponentBase.processValidators(UIComponentBase.java:1261)
	at javax.faces.component.UIComponentBase.processValidators(UIComponentBase.java:1261)
	at org.primefaces.component.panel.Panel.processValidators(Panel.java:300)
	at javax.faces.component.UIForm.processValidators(UIForm.java:253)
	at javax.faces.component.UIComponentBase.processValidators(UIComponentBase.java:1261)
	at javax.faces.component.UIComponentBase.processValidators(UIComponentBase.java:1261)
	at javax.faces.component.UIViewRoot.processValidators(UIViewRoot.java:1195)
	at com.sun.faces.lifecycle.ProcessValidationsPhase.execute(ProcessValidationsPhase.java:76)
	at com.sun.faces.lifecycle.Phase.doPhase(Phase.java:101)
	at com.sun.faces.lifecycle.LifecycleImpl.execute(LifecycleImpl.java:198)
	at javax.faces.webapp.FacesServlet.service(FacesServlet.java:658)
	at io.undertow.servlet.handlers.ServletHandler.handleRequest(ServletHandler.java:85)
	at io.undertow.servlet.handlers.security.ServletSecurityRoleHandler.handleRequest(ServletSecurityRoleHandler.java:62)
	at io.undertow.servlet.handlers.ServletDispatchingHandler.handleRequest(ServletDispatchingHandler.java:36)
	at org.wildfly.extension.undertow.security.SecurityContextAssociationHandler.handleRequest(SecurityContextAssociationHandler.java:78)
	at io.undertow.server.handlers.PredicateHandler.handleRequest(PredicateHandler.java:43)
	at io.undertow.servlet.handlers.security.SSLInformationAssociationHandler.handleRequest(SSLInformationAssociationHandler.java:131)
	at io.undertow.servlet.handlers.security.ServletAuthenticationCallHandler.handleRequest(ServletAuthenticationCallHandler.java:57)
	at io.undertow.server.handlers.PredicateHandler.handleRequest(PredicateHandler.java:43)
	at io.undertow.security.handlers.AbstractConfidentialityHandler.handleRequest(AbstractConfidentialityHandler.java:46)
	at io.undertow.servlet.handlers.security.ServletConfidentialityConstraintHandler.handleRequest(ServletConfidentialityConstraintHandler.java:64)
	at io.undertow.security.handlers.AuthenticationMechanismsHandler.handleRequest(AuthenticationMechanismsHandler.java:60)
	at io.undertow.servlet.handlers.security.CachedAuthenticatedSessionHandler.handleRequest(CachedAuthenticatedSessionHandler.java:77)
	at io.undertow.security.handlers.NotificationReceiverHandler.handleRequest(NotificationReceiverHandler.java:50)
	at io.undertow.security.handlers.AbstractSecurityContextAssociationHandler.handleRequest(AbstractSecurityContextAssociationHandler.java:43)
	at io.undertow.server.handlers.PredicateHandler.handleRequest(PredicateHandler.java:43)
	at org.wildfly.extension.undertow.security.jacc.JACCContextIdHandler.handleRequest(JACCContextIdHandler.java:61)
	at io.undertow.server.handlers.PredicateHandler.handleRequest(PredicateHandler.java:43)
	at io.undertow.server.handlers.PredicateHandler.handleRequest(PredicateHandler.java:43)
	at io.undertow.servlet.handlers.ServletInitialHandler.handleFirstRequest(ServletInitialHandler.java:292)
	at io.undertow.servlet.handlers.ServletInitialHandler.access$100(ServletInitialHandler.java:81)
	at io.undertow.servlet.handlers.ServletInitialHandler$2.call(ServletInitialHandler.java:138)
	at io.undertow.servlet.handlers.ServletInitialHandler$2.call(ServletInitialHandler.java:135)
	at io.undertow.servlet.core.ServletRequestContextThreadSetupAction$1.call(ServletRequestContextThreadSetupAction.java:48)
	at io.undertow.servlet.core.ContextClassLoaderSetupAction$1.call(ContextClassLoaderSetupAction.java:43)
	at io.undertow.servlet.api.LegacyThreadSetupActionWrapper$1.call(LegacyThreadSetupActionWrapper.java:44)
	at io.undertow.servlet.api.LegacyThreadSetupActionWrapper$1.call(LegacyThreadSetupActionWrapper.java:44)
	at io.undertow.servlet.api.LegacyThreadSetupActionWrapper$1.call(LegacyThreadSetupActionWrapper.java:44)
	at io.undertow.servlet.api.LegacyThreadSetupActionWrapper$1.call(LegacyThreadSetupActionWrapper.java:44)
	at io.undertow.servlet.api.LegacyThreadSetupActionWrapper$1.call(LegacyThreadSetupActionWrapper.java:44)
	at io.undertow.servlet.handlers.ServletInitialHandler.dispatchRequest(ServletInitialHandler.java:272)
	at io.undertow.servlet.handlers.ServletInitialHandler.access$000(ServletInitialHandler.java:81)
	at io.undertow.servlet.handlers.ServletInitialHandler$1.handleRequest(ServletInitialHandler.java:104)
	at io.undertow.server.Connectors.executeRootHandler(Connectors.java:202)
	at io.undertow.server.HttpServerExchange$1.run(HttpServerExchange.java:805)
	at java.util.concurrent.ThreadPoolExecutor.runWorker(ThreadPoolExecutor.java:1142)
	at java.util.concurrent.ThreadPoolExecutor$Worker.run(ThreadPoolExecutor.java:617)
	at java.lang.Thread.run(Thread.java:745)
Caused by: javax.el.PropertyNotFoundException: Target Unreachable, identifier 'helloWorld' resolved to null
	at com.sun.el.parser.AstValue.getTarget(AstValue.java:173)
	at com.sun.el.parser.AstValue.getType(AstValue.java:85)
	at com.sun.el.ValueExpressionImpl.getType(ValueExpressionImpl.java:201)
	at org.jboss.weld.el.WeldValueExpression.getType(WeldValueExpression.java:93)
	at org.jboss.weld.el.WeldValueExpression.getType(WeldValueExpression.java:93)
	at com.sun.faces.facelets.el.TagValueExpression.getType(TagValueExpression.java:98)
	... 54 more

2017-07-14 13:28:59 INFO  PostConstructApplicationEventListener:41 - Running on PrimeFaces 6.1
2017-07-14 13:29:02 INFO  PostConstructApplicationEventListener:41 - Running on PrimeFaces 6.1
2017-07-14 13:29:21 INFO  HelloWorld:40 - Sending greeting
2017-07-14 13:29:24 INFO  HelloWorld:40 - Sending greeting
2017-07-14 13:29:34 INFO  HelloWorld:40 - Sending greeting
2017-07-14 13:30:05 INFO  HelloWorld:40 - Sending greeting
